Flow report for hello_world
Sun Mar 22 13:38:44 2020
Quartus Prime Version 18.1.0 Build 625 09/12/2018 SJ Standard Edition


---------------------
; Table of Contents ;
---------------------
  1. Legal Notice
  2. Flow Summary
  3. Flow Settings
  4. Flow Non-Default Global Settings
  5. Flow Elapsed Time
  6. Flow OS Summary
  7. Flow Log
  8. Flow Messages
  9. Flow Suppressed Messages



----------------
; Legal Notice ;
----------------
Copyright (C) 2018  Intel Corporation. All rights reserved.
Your use of Intel Corporation's design tools, logic functions 
and other software and tools, and its AMPP partner logic 
functions, and any output files from any of the foregoing 
(including device programming or simulation files), and any 
associated documentation or information are expressly subject 
to the terms and conditions of the Intel Program License 
Subscription Agreement, the Intel Quartus Prime License Agreement,
the Intel FPGA IP License Agreement, or other applicable license
agreement, including, without limitation, that your use is for
the sole purpose of programming logic devices manufactured by
Intel and sold by Intel or its authorized distributors.  Please
refer to the applicable agreement for further details.



+-----------------------------------------------------------------------------------+
; Flow Summary                                                                      ;
+---------------------------------+-------------------------------------------------+
; Flow Status                     ; Successful - Sun Mar 22 13:38:12 2020           ;
; Quartus Prime Version           ; 18.1.0 Build 625 09/12/2018 SJ Standard Edition ;
; Revision Name                   ; hello_world                                     ;
; Top-level Entity Name           ; hello_world                                     ;
; Family                          ; Cyclone V                                       ;
; Device                          ; 5CSEMA5F31C6                                    ;
; Timing Models                   ; Final                                           ;
; Logic utilization (in ALMs)     ; 2,156 / 32,070 ( 7 % )                          ;
; Total registers                 ; 3457                                            ;
; Total pins                      ; 47 / 457 ( 10 % )                               ;
; Total virtual pins              ; 0                                               ;
; Total block memory bits         ; 594,477 / 4,065,280 ( 15 % )                    ;
; Total DSP Blocks                ; 4 / 87 ( 5 % )                                  ;
; Total HSSI RX PCSs              ; 0                                               ;
; Total HSSI PMA RX Deserializers ; 0                                               ;
; Total HSSI TX PCSs              ; 0                                               ;
; Total HSSI PMA TX Serializers   ; 0                                               ;
; Total PLLs                      ; 1 / 6 ( 17 % )                                  ;
; Total DLLs                      ; 0 / 4 ( 0 % )                                   ;
+---------------------------------+-------------------------------------------------+


+-----------------------------------------+
; Flow Settings                           ;
+-------------------+---------------------+
; Option            ; Setting             ;
+-------------------+---------------------+
; Start date & time ; 03/22/2020 13:31:54 ;
; Main task         ; Compilation         ;
; Revision Name     ; hello_world         ;
+-------------------+---------------------+


+----------------------------------------------------------------------------------------------------------------------------------------------------------------------------------+
; Flow Non-Default Global Settings                                                                                                                                                 ;
+-------------------------------------+-------------------------------------------------------------------------------------------------+---------------+-------------+------------+
; Assignment Name                     ; Value                                                                                           ; Default Value ; Entity Name ; Section Id ;
+-------------------------------------+-------------------------------------------------------------------------------------------------+---------------+-------------+------------+
; COMPILER_SIGNATURE_ID               ; 963351284704.158488031311628                                                                    ; --            ; --          ; --         ;
; MAX_CORE_JUNCTION_TEMP              ; 85                                                                                              ; --            ; --          ; --         ;
; MIN_CORE_JUNCTION_TEMP              ; 0                                                                                               ; --            ; --          ; --         ;
; MISC_FILE                           ; ip/pll.cmp                                                                                      ; --            ; --          ; --         ;
; MISC_FILE                           ; ip/pll_sim/pll.vo                                                                               ; --            ; --          ; --         ;
; MISC_FILE                           ; fp_add.bsf                                                                                      ; --            ; --          ; --         ;
; MISC_FILE                           ; fp_add_bb.v                                                                                     ; --            ; --          ; --         ;
; PARTITION_COLOR                     ; -- (Not supported for targeted family)                                                          ; --            ; --          ; Top        ;
; PARTITION_FITTER_PRESERVATION_LEVEL ; -- (Not supported for targeted family)                                                          ; --            ; --          ; Top        ;
; PARTITION_NETLIST_TYPE              ; -- (Not supported for targeted family)                                                          ; --            ; --          ; Top        ;
; POWER_BOARD_THERMAL_MODEL           ; None (CONSERVATIVE)                                                                             ; --            ; --          ; --         ;
; POWER_PRESET_COOLING_SOLUTION       ; 23 MM HEAT SINK WITH 200 LFPM AIRFLOW                                                           ; --            ; --          ; --         ;
; SEARCH_PATH                         ; c:\digital_system_design\task6\dsd_material_students\system_template_de1_soc\first_nios2_system ; --            ; --          ; --         ;
; SEARCH_PATH                         ; c:\digital_system_design\task6\dsd_material_students\system_template_de1_soc\ip                 ; --            ; --          ; --         ;
; SPD_FILE                            ; ip/pll.spd                                                                                      ; --            ; --          ; --         ;
; SYNTHESIS_ONLY_QIP                  ; On                                                                                              ; --            ; --          ; --         ;
; TIMING_ANALYZER_DO_REPORT_TIMING    ; On                                                                                              ; Off           ; --          ; --         ;
+-------------------------------------+-------------------------------------------------------------------------------------------------+---------------+-------------+------------+


+--------------------------------------------------------------------------------------------------------------------------+
; Flow Elapsed Time                                                                                                        ;
+----------------------+--------------+-------------------------+---------------------+------------------------------------+
; Module Name          ; Elapsed Time ; Average Processors Used ; Peak Virtual Memory ; Total CPU Time (on all processors) ;
+----------------------+--------------+-------------------------+---------------------+------------------------------------+
; Analysis & Synthesis ; 00:02:56     ; 1.0                     ; 5082 MB             ; 00:03:46                           ;
; Fitter               ; 00:03:07     ; 1.1                     ; 6627 MB             ; 00:05:54                           ;
; Assembler            ; 00:00:02     ; 1.0                     ; 4778 MB             ; 00:00:02                           ;
; Timing Analyzer      ; 00:00:31     ; 1.5                     ; 5373 MB             ; 00:00:44                           ;
; Total                ; 00:06:36     ; --                      ; --                  ; 00:10:26                           ;
+----------------------+--------------+-------------------------+---------------------+------------------------------------+


+------------------------------------------------------------------------------------+
; Flow OS Summary                                                                    ;
+----------------------+------------------+------------+------------+----------------+
; Module Name          ; Machine Hostname ; OS Name    ; OS Version ; Processor type ;
+----------------------+------------------+------------+------------+----------------+
; Analysis & Synthesis ; DESKTOP-J1RAGBO  ; Windows 10 ; 10.0       ; x86_64         ;
; Fitter               ; DESKTOP-J1RAGBO  ; Windows 10 ; 10.0       ; x86_64         ;
; Assembler            ; DESKTOP-J1RAGBO  ; Windows 10 ; 10.0       ; x86_64         ;
; Timing Analyzer      ; DESKTOP-J1RAGBO  ; Windows 10 ; 10.0       ; x86_64         ;
+----------------------+------------------+------------+------------+----------------+


------------
; Flow Log ;
------------
quartus_map --read_settings_files=on --write_settings_files=off hello_world -c hello_world
quartus_fit --read_settings_files=off --write_settings_files=off hello_world -c hello_world
quartus_asm --read_settings_files=off --write_settings_files=off hello_world -c hello_world
quartus_sta hello_world -c hello_world



