Analysis & Synthesis report for fp32Bit_mult
Wed Mar 04 13:16:35 2020
Quartus Prime Version 18.1.0 Build 625 09/12/2018 SJ Standard Edition


---------------------
; Table of Contents ;
---------------------
  1. Legal Notice
  2. Analysis & Synthesis Summary
  3. Analysis & Synthesis Settings
  4. Parallel Compilation
  5. Analysis & Synthesis Source Files Read
  6. Analysis & Synthesis Resource Usage Summary
  7. Analysis & Synthesis Resource Utilization by Entity
  8. Analysis & Synthesis DSP Block Usage Summary
  9. Analysis & Synthesis IP Cores Summary
 10. Registers Removed During Synthesis
 11. General Register Statistics
 12. Parameter Settings for User Entity Instance: fpmult:inst|fpmult_altfp_mult_fkn:fpmult_altfp_mult_fkn_component|lpm_add_sub:exp_add_adder
 13. Parameter Settings for User Entity Instance: fpmult:inst|fpmult_altfp_mult_fkn:fpmult_altfp_mult_fkn_component|lpm_add_sub:exp_adj_adder
 14. Parameter Settings for User Entity Instance: fpmult:inst|fpmult_altfp_mult_fkn:fpmult_altfp_mult_fkn_component|lpm_add_sub:exp_bias_subtr
 15. Parameter Settings for User Entity Instance: fpmult:inst|fpmult_altfp_mult_fkn:fpmult_altfp_mult_fkn_component|lpm_add_sub:man_round_adder
 16. Parameter Settings for User Entity Instance: fpmult:inst|fpmult_altfp_mult_fkn:fpmult_altfp_mult_fkn_component|lpm_mult:man_product2_mult
 17. lpm_mult Parameter Settings by Entity Instance
 18. Post-Synthesis Netlist Statistics for Top Partition
 19. Elapsed Time Per Partition
 20. Analysis & Synthesis Messages



----------------
; Legal Notice ;
----------------
Copyright (C) 2018  Intel Corporation. All rights reserved.
Your use of Intel Corporation's design tools, logic functions 
and other software and tools, and its AMPP partner logic 
functions, and any output files from any of the foregoing 
(including device programming or simulation files), and any 
associated documentation or information are expressly subject 
to the terms and conditions of the Intel Program License 
Subscription Agreement, the Intel Quartus Prime License Agreement,
the Intel FPGA IP License Agreement, or other applicable license
agreement, including, without limitation, that your use is for
the sole purpose of programming logic devices manufactured by
Intel and sold by Intel or its authorized distributors.  Please
refer to the applicable agreement for further details.



+-----------------------------------------------------------------------------------+
; Analysis & Synthesis Summary                                                      ;
+---------------------------------+-------------------------------------------------+
; Analysis & Synthesis Status     ; Successful - Wed Mar 04 13:16:35 2020           ;
; Quartus Prime Version           ; 18.1.0 Build 625 09/12/2018 SJ Standard Edition ;
; Revision Name                   ; fp32Bit_mult                                    ;
; Top-level Entity Name           ; fp32Bit_mult                                    ;
; Family                          ; Cyclone V                                       ;
; Logic utilization (in ALMs)     ; N/A                                             ;
; Total registers                 ; 238                                             ;
; Total pins                      ; 97                                              ;
; Total virtual pins              ; 0                                               ;
; Total block memory bits         ; 0                                               ;
; Total DSP Blocks                ; 1                                               ;
; Total HSSI RX PCSs              ; 0                                               ;
; Total HSSI PMA RX Deserializers ; 0                                               ;
; Total HSSI TX PCSs              ; 0                                               ;
; Total HSSI PMA TX Serializers   ; 0                                               ;
; Total PLLs                      ; 0                                               ;
; Total DLLs                      ; 0                                               ;
+---------------------------------+-------------------------------------------------+


+---------------------------------------------------------------------------------------------------------------------------+
; Analysis & Synthesis Settings                                                                                             ;
+---------------------------------------------------------------------------------+--------------------+--------------------+
; Option                                                                          ; Setting            ; Default Value      ;
+---------------------------------------------------------------------------------+--------------------+--------------------+
; Device                                                                          ; 5CSEMA5F31C6       ;                    ;
; Top-level entity name                                                           ; fp32Bit_mult       ; fp32Bit_mult       ;
; Family name                                                                     ; Cyclone V          ; Cyclone V          ;
; Use smart compilation                                                           ; Off                ; Off                ;
; Enable parallel Assembler and Timing Analyzer during compilation                ; On                 ; On                 ;
; Enable compact report table                                                     ; Off                ; Off                ;
; Restructure Multiplexers                                                        ; Auto               ; Auto               ;
; MLAB Add Timing Constraints For Mixed-Port Feed-Through Mode Setting Don't Care ; Off                ; Off                ;
; Create Debugging Nodes for IP Cores                                             ; Off                ; Off                ;
; Preserve fewer node names                                                       ; On                 ; On                 ;
; Intel FPGA IP Evaluation Mode                                                   ; Enable             ; Enable             ;
; Verilog Version                                                                 ; Verilog_2001       ; Verilog_2001       ;
; VHDL Version                                                                    ; VHDL_1993          ; VHDL_1993          ;
; State Machine Processing                                                        ; Auto               ; Auto               ;
; Safe State Machine                                                              ; Off                ; Off                ;
; Extract Verilog State Machines                                                  ; On                 ; On                 ;
; Extract VHDL State Machines                                                     ; On                 ; On                 ;
; Ignore Verilog initial constructs                                               ; Off                ; Off                ;
; Iteration limit for constant Verilog loops                                      ; 5000               ; 5000               ;
; Iteration limit for non-constant Verilog loops                                  ; 250                ; 250                ;
; Add Pass-Through Logic to Inferred RAMs                                         ; On                 ; On                 ;
; Infer RAMs from Raw Logic                                                       ; On                 ; On                 ;
; Parallel Synthesis                                                              ; On                 ; On                 ;
; DSP Block Balancing                                                             ; Auto               ; Auto               ;
; NOT Gate Push-Back                                                              ; On                 ; On                 ;
; Power-Up Don't Care                                                             ; On                 ; On                 ;
; Remove Redundant Logic Cells                                                    ; Off                ; Off                ;
; Remove Duplicate Registers                                                      ; On                 ; On                 ;
; Ignore CARRY Buffers                                                            ; Off                ; Off                ;
; Ignore CASCADE Buffers                                                          ; Off                ; Off                ;
; Ignore GLOBAL Buffers                                                           ; Off                ; Off                ;
; Ignore ROW GLOBAL Buffers                                                       ; Off                ; Off                ;
; Ignore LCELL Buffers                                                            ; Off                ; Off                ;
; Ignore SOFT Buffers                                                             ; On                 ; On                 ;
; Limit AHDL Integers to 32 Bits                                                  ; Off                ; Off                ;
; Optimization Technique                                                          ; Balanced           ; Balanced           ;
; Carry Chain Length                                                              ; 70                 ; 70                 ;
; Auto Carry Chains                                                               ; On                 ; On                 ;
; Auto Open-Drain Pins                                                            ; On                 ; On                 ;
; Perform WYSIWYG Primitive Resynthesis                                           ; Off                ; Off                ;
; Auto ROM Replacement                                                            ; On                 ; On                 ;
; Auto RAM Replacement                                                            ; On                 ; On                 ;
; Auto DSP Block Replacement                                                      ; On                 ; On                 ;
; Auto Shift Register Replacement                                                 ; Auto               ; Auto               ;
; Allow Shift Register Merging across Hierarchies                                 ; Auto               ; Auto               ;
; Auto Clock Enable Replacement                                                   ; On                 ; On                 ;
; Strict RAM Replacement                                                          ; Off                ; Off                ;
; Allow Synchronous Control Signals                                               ; On                 ; On                 ;
; Force Use of Synchronous Clear Signals                                          ; Off                ; Off                ;
; Auto Resource Sharing                                                           ; Off                ; Off                ;
; Allow Any RAM Size For Recognition                                              ; Off                ; Off                ;
; Allow Any ROM Size For Recognition                                              ; Off                ; Off                ;
; Allow Any Shift Register Size For Recognition                                   ; Off                ; Off                ;
; Use LogicLock Constraints during Resource Balancing                             ; On                 ; On                 ;
; Ignore translate_off and synthesis_off directives                               ; Off                ; Off                ;
; Timing-Driven Synthesis                                                         ; On                 ; On                 ;
; Report Parameter Settings                                                       ; On                 ; On                 ;
; Report Source Assignments                                                       ; On                 ; On                 ;
; Report Connectivity Checks                                                      ; On                 ; On                 ;
; Ignore Maximum Fan-Out Assignments                                              ; Off                ; Off                ;
; Synchronization Register Chain Length                                           ; 3                  ; 3                  ;
; Power Optimization During Synthesis                                             ; Normal compilation ; Normal compilation ;
; HDL message level                                                               ; Level2             ; Level2             ;
; Suppress Register Optimization Related Messages                                 ; Off                ; Off                ;
; Number of Removed Registers Reported in Synthesis Report                        ; 5000               ; 5000               ;
; Number of Swept Nodes Reported in Synthesis Report                              ; 5000               ; 5000               ;
; Number of Inverted Registers Reported in Synthesis Report                       ; 100                ; 100                ;
; Clock MUX Protection                                                            ; On                 ; On                 ;
; Auto Gated Clock Conversion                                                     ; Off                ; Off                ;
; Block Design Naming                                                             ; Auto               ; Auto               ;
; SDC constraint protection                                                       ; Off                ; Off                ;
; Synthesis Effort                                                                ; Auto               ; Auto               ;
; Shift Register Replacement - Allow Asynchronous Clear Signal                    ; On                 ; On                 ;
; Pre-Mapping Resynthesis Optimization                                            ; Off                ; Off                ;
; Analysis & Synthesis Message Level                                              ; Medium             ; Medium             ;
; Disable Register Merging Across Hierarchies                                     ; Auto               ; Auto               ;
; Resource Aware Inference For Block RAM                                          ; On                 ; On                 ;
; Automatic Parallel Synthesis                                                    ; On                 ; On                 ;
; Partial Reconfiguration Bitstream ID                                            ; Off                ; Off                ;
+---------------------------------------------------------------------------------+--------------------+--------------------+


+------------------------------------------+
; Parallel Compilation                     ;
+----------------------------+-------------+
; Processors                 ; Number      ;
+----------------------------+-------------+
; Number detected on machine ; 8           ;
; Maximum allowed            ; 4           ;
;                            ;             ;
; Average used               ; 1.00        ;
; Maximum used               ; 4           ;
;                            ;             ;
; Usage by Processor         ; % Time Used ;
;     Processor 1            ; 100.0%      ;
;     Processors 2-4         ;   0.0%      ;
+----------------------------+-------------+


+-------------------------------------------------------------------------------------------------------------------------------------------------------------------------------+
; Analysis & Synthesis Source Files Read                                                                                                                                        ;
+----------------------------------+-----------------+------------------------------------+---------------------------------------------------------------------------+---------+
; File Name with User-Entered Path ; Used in Netlist ; File Type                          ; File Name with Absolute Path                                              ; Library ;
+----------------------------------+-----------------+------------------------------------+---------------------------------------------------------------------------+---------+
; fpmult.v                         ; yes             ; User Wizard-Generated File         ; H:/DSD_Material/ip/fp_mult/fpmult.v                                       ;         ;
; fp32Bit_mult.bdf                 ; yes             ; User Block Diagram/Schematic File  ; H:/DSD_Material/ip/fp_mult/fp32Bit_mult.bdf                               ;         ;
; lpm_add_sub.tdf                  ; yes             ; Megafunction                       ; c:/intelfpga/18.1/quartus/libraries/megafunctions/lpm_add_sub.tdf         ;         ;
; addcore.inc                      ; yes             ; Megafunction                       ; c:/intelfpga/18.1/quartus/libraries/megafunctions/addcore.inc             ;         ;
; look_add.inc                     ; yes             ; Megafunction                       ; c:/intelfpga/18.1/quartus/libraries/megafunctions/look_add.inc            ;         ;
; bypassff.inc                     ; yes             ; Megafunction                       ; c:/intelfpga/18.1/quartus/libraries/megafunctions/bypassff.inc            ;         ;
; altshift.inc                     ; yes             ; Megafunction                       ; c:/intelfpga/18.1/quartus/libraries/megafunctions/altshift.inc            ;         ;
; alt_stratix_add_sub.inc          ; yes             ; Megafunction                       ; c:/intelfpga/18.1/quartus/libraries/megafunctions/alt_stratix_add_sub.inc ;         ;
; aglobal181.inc                   ; yes             ; Megafunction                       ; c:/intelfpga/18.1/quartus/libraries/megafunctions/aglobal181.inc          ;         ;
; db/add_sub_a9e.tdf               ; yes             ; Auto-Generated Megafunction        ; H:/DSD_Material/ip/fp_mult/db/add_sub_a9e.tdf                             ;         ;
; db/add_sub_kka.tdf               ; yes             ; Auto-Generated Megafunction        ; H:/DSD_Material/ip/fp_mult/db/add_sub_kka.tdf                             ;         ;
; db/add_sub_idg.tdf               ; yes             ; Auto-Generated Megafunction        ; H:/DSD_Material/ip/fp_mult/db/add_sub_idg.tdf                             ;         ;
; db/add_sub_bmb.tdf               ; yes             ; Auto-Generated Megafunction        ; H:/DSD_Material/ip/fp_mult/db/add_sub_bmb.tdf                             ;         ;
; lpm_mult.tdf                     ; yes             ; Megafunction                       ; c:/intelfpga/18.1/quartus/libraries/megafunctions/lpm_mult.tdf            ;         ;
; lpm_add_sub.inc                  ; yes             ; Megafunction                       ; c:/intelfpga/18.1/quartus/libraries/megafunctions/lpm_add_sub.inc         ;         ;
; multcore.inc                     ; yes             ; Megafunction                       ; c:/intelfpga/18.1/quartus/libraries/megafunctions/multcore.inc            ;         ;
; db/mult_ncs.v                    ; yes             ; Auto-Generated Megafunction        ; H:/DSD_Material/ip/fp_mult/db/mult_ncs.v                                  ;         ;
+----------------------------------+-----------------+------------------------------------+---------------------------------------------------------------------------+---------+


+-----------------------------------------------------------+
; Analysis & Synthesis Resource Usage Summary               ;
+---------------------------------------------+-------------+
; Resource                                    ; Usage       ;
+---------------------------------------------+-------------+
; Estimate of Logic utilization (ALMs needed) ; 133         ;
;                                             ;             ;
; Combinational ALUT usage for logic          ; 155         ;
;     -- 7 input functions                    ; 0           ;
;     -- 6 input functions                    ; 36          ;
;     -- 5 input functions                    ; 15          ;
;     -- 4 input functions                    ; 12          ;
;     -- <=3 input functions                  ; 92          ;
;                                             ;             ;
; Dedicated logic registers                   ; 238         ;
;                                             ;             ;
; I/O pins                                    ; 97          ;
;                                             ;             ;
; Total DSP Blocks                            ; 1           ;
;                                             ;             ;
; Maximum fan-out node                        ; clock~input ;
; Maximum fan-out                             ; 238         ;
; Total fan-out                               ; 1262        ;
; Average fan-out                             ; 2.15        ;
+---------------------------------------------+-------------+


+--------------------------------------------------------------------------------------------------------------------------------------------------------------------------------------------------------------------------------------------------------------------------------------------------------------------------------------------------------+
; Analysis & Synthesis Resource Utilization by Entity                                                                                                                                                                                                                                                                                                    ;
+---------------------------------------------------------------+---------------------+---------------------------+-------------------+------------+------+--------------+----------------------------------------------------------------------------------------------------------------------------------------+-----------------------+--------------+
; Compilation Hierarchy Node                                    ; Combinational ALUTs ; Dedicated Logic Registers ; Block Memory Bits ; DSP Blocks ; Pins ; Virtual Pins ; Full Hierarchy Name                                                                                                                    ; Entity Name           ; Library Name ;
+---------------------------------------------------------------+---------------------+---------------------------+-------------------+------------+------+--------------+----------------------------------------------------------------------------------------------------------------------------------------+-----------------------+--------------+
; |fp32Bit_mult                                                 ; 155 (0)             ; 238 (0)                   ; 0                 ; 1          ; 97   ; 0            ; |fp32Bit_mult                                                                                                                          ; fp32Bit_mult          ; work         ;
;    |fpmult:inst|                                              ; 155 (0)             ; 238 (0)                   ; 0                 ; 1          ; 0    ; 0            ; |fp32Bit_mult|fpmult:inst                                                                                                              ; fpmult                ; work         ;
;       |fpmult_altfp_mult_fkn:fpmult_altfp_mult_fkn_component| ; 155 (102)           ; 238 (135)                 ; 0                 ; 1          ; 0    ; 0            ; |fp32Bit_mult|fpmult:inst|fpmult_altfp_mult_fkn:fpmult_altfp_mult_fkn_component                                                        ; fpmult_altfp_mult_fkn ; work         ;
;          |lpm_add_sub:exp_add_adder|                          ; 9 (0)               ; 9 (0)                     ; 0                 ; 0          ; 0    ; 0            ; |fp32Bit_mult|fpmult:inst|fpmult_altfp_mult_fkn:fpmult_altfp_mult_fkn_component|lpm_add_sub:exp_add_adder                              ; lpm_add_sub           ; work         ;
;             |add_sub_a9e:auto_generated|                      ; 9 (9)               ; 9 (9)                     ; 0                 ; 0          ; 0    ; 0            ; |fp32Bit_mult|fpmult:inst|fpmult_altfp_mult_fkn:fpmult_altfp_mult_fkn_component|lpm_add_sub:exp_add_adder|add_sub_a9e:auto_generated   ; add_sub_a9e           ; work         ;
;          |lpm_add_sub:exp_adj_adder|                          ; 10 (0)              ; 0 (0)                     ; 0                 ; 0          ; 0    ; 0            ; |fp32Bit_mult|fpmult:inst|fpmult_altfp_mult_fkn:fpmult_altfp_mult_fkn_component|lpm_add_sub:exp_adj_adder                              ; lpm_add_sub           ; work         ;
;             |add_sub_kka:auto_generated|                      ; 10 (10)             ; 0 (0)                     ; 0                 ; 0          ; 0    ; 0            ; |fp32Bit_mult|fpmult:inst|fpmult_altfp_mult_fkn:fpmult_altfp_mult_fkn_component|lpm_add_sub:exp_adj_adder|add_sub_kka:auto_generated   ; add_sub_kka           ; work         ;
;          |lpm_add_sub:exp_bias_subtr|                         ; 9 (0)               ; 0 (0)                     ; 0                 ; 0          ; 0    ; 0            ; |fp32Bit_mult|fpmult:inst|fpmult_altfp_mult_fkn:fpmult_altfp_mult_fkn_component|lpm_add_sub:exp_bias_subtr                             ; lpm_add_sub           ; work         ;
;             |add_sub_idg:auto_generated|                      ; 9 (9)               ; 0 (0)                     ; 0                 ; 0          ; 0    ; 0            ; |fp32Bit_mult|fpmult:inst|fpmult_altfp_mult_fkn:fpmult_altfp_mult_fkn_component|lpm_add_sub:exp_bias_subtr|add_sub_idg:auto_generated  ; add_sub_idg           ; work         ;
;          |lpm_add_sub:man_round_adder|                        ; 25 (0)              ; 0 (0)                     ; 0                 ; 0          ; 0    ; 0            ; |fp32Bit_mult|fpmult:inst|fpmult_altfp_mult_fkn:fpmult_altfp_mult_fkn_component|lpm_add_sub:man_round_adder                            ; lpm_add_sub           ; work         ;
;             |add_sub_bmb:auto_generated|                      ; 25 (25)             ; 0 (0)                     ; 0                 ; 0          ; 0    ; 0            ; |fp32Bit_mult|fpmult:inst|fpmult_altfp_mult_fkn:fpmult_altfp_mult_fkn_component|lpm_add_sub:man_round_adder|add_sub_bmb:auto_generated ; add_sub_bmb           ; work         ;
;          |lpm_mult:man_product2_mult|                         ; 0 (0)               ; 94 (0)                    ; 0                 ; 1          ; 0    ; 0            ; |fp32Bit_mult|fpmult:inst|fpmult_altfp_mult_fkn:fpmult_altfp_mult_fkn_component|lpm_mult:man_product2_mult                             ; lpm_mult              ; work         ;
;             |mult_ncs:auto_generated|                         ; 0 (0)               ; 94 (94)                   ; 0                 ; 1          ; 0    ; 0            ; |fp32Bit_mult|fpmult:inst|fpmult_altfp_mult_fkn:fpmult_altfp_mult_fkn_component|lpm_mult:man_product2_mult|mult_ncs:auto_generated     ; mult_ncs              ; work         ;
+---------------------------------------------------------------+---------------------+---------------------------+-------------------+------------+------+--------------+----------------------------------------------------------------------------------------------------------------------------------------+-----------------------+--------------+
Note: For table entries with two numbers listed, the numbers in parentheses indicate the number of resources of the given type used by the specific entity alone. The numbers listed outside of parentheses indicate the total resources of the given type used by the specific entity and all of its sub-entities in the hierarchy.


+-----------------------------------------------+
; Analysis & Synthesis DSP Block Usage Summary  ;
+---------------------------------+-------------+
; Statistic                       ; Number Used ;
+---------------------------------+-------------+
; Independent 27x27               ; 1           ;
; Total number of DSP blocks      ; 1           ;
;                                 ;             ;
; Fixed Point Unsigned Multiplier ; 1           ;
+---------------------------------+-------------+


+-------------------------------------------------------------------------------------------------------------+
; Analysis & Synthesis IP Cores Summary                                                                       ;
+--------+--------------+---------+--------------+--------------+---------------------------+-----------------+
; Vendor ; IP Core Name ; Version ; Release Date ; License Type ; Entity Instance           ; IP Include File ;
+--------+--------------+---------+--------------+--------------+---------------------------+-----------------+
; Altera ; ALTFP_MULT   ; 18.1    ; N/A          ; N/A          ; |fp32Bit_mult|fpmult:inst ; fpmult.v        ;
+--------+--------------+---------+--------------+--------------+---------------------------+-----------------+


+-----------------------------------------------------------------------------------------------------------------------------------------------------------------------------------------------------------------------------------+
; Registers Removed During Synthesis                                                                                                                                                                                                ;
+------------------------------------------------------------------------------------------------------------------------------------------+----------------------------------------------------------------------------------------+
; Register name                                                                                                                            ; Reason for Removal                                                                     ;
+------------------------------------------------------------------------------------------------------------------------------------------+----------------------------------------------------------------------------------------+
; fpmult:inst|fpmult_altfp_mult_fkn:fpmult_altfp_mult_fkn_component|lpm_mult:man_product2_mult|mult_ncs:auto_generated|datab_input_reg[23] ; Stuck at VCC due to stuck port data_in                                                 ;
; fpmult:inst|fpmult_altfp_mult_fkn:fpmult_altfp_mult_fkn_component|lpm_mult:man_product2_mult|mult_ncs:auto_generated|dataa_input_reg[23] ; Stuck at VCC due to stuck port data_in                                                 ;
; fpmult:inst|fpmult_altfp_mult_fkn:fpmult_altfp_mult_fkn_component|man_round_p[0]                                                         ; Merged with fpmult:inst|fpmult_altfp_mult_fkn:fpmult_altfp_mult_fkn_component|lsb_dffe ;
; Total Number of Removed Registers = 3                                                                                                    ;                                                                                        ;
+------------------------------------------------------------------------------------------------------------------------------------------+----------------------------------------------------------------------------------------+


+------------------------------------------------------+
; General Register Statistics                          ;
+----------------------------------------------+-------+
; Statistic                                    ; Value ;
+----------------------------------------------+-------+
; Total registers                              ; 238   ;
; Number of registers using Synchronous Clear  ; 0     ;
; Number of registers using Synchronous Load   ; 24    ;
; Number of registers using Asynchronous Clear ; 0     ;
; Number of registers using Asynchronous Load  ; 0     ;
; Number of registers using Clock Enable       ; 0     ;
; Number of registers using Preset             ; 0     ;
+----------------------------------------------+-------+


+------------------------------------------------------------------------------------------------------------------------------------------+
; Parameter Settings for User Entity Instance: fpmult:inst|fpmult_altfp_mult_fkn:fpmult_altfp_mult_fkn_component|lpm_add_sub:exp_add_adder ;
+------------------------+-------------+---------------------------------------------------------------------------------------------------+
; Parameter Name         ; Value       ; Type                                                                                              ;
+------------------------+-------------+---------------------------------------------------------------------------------------------------+
; LPM_WIDTH              ; 9           ; Signed Integer                                                                                    ;
; LPM_REPRESENTATION     ; SIGNED      ; Untyped                                                                                           ;
; LPM_DIRECTION          ; DEFAULT     ; Untyped                                                                                           ;
; ONE_INPUT_IS_CONSTANT  ; NO          ; Untyped                                                                                           ;
; LPM_PIPELINE           ; 1           ; Signed Integer                                                                                    ;
; MAXIMIZE_SPEED         ; 5           ; Untyped                                                                                           ;
; REGISTERED_AT_END      ; 0           ; Untyped                                                                                           ;
; OPTIMIZE_FOR_SPEED     ; 5           ; Untyped                                                                                           ;
; USE_CS_BUFFERS         ; 1           ; Untyped                                                                                           ;
; CARRY_CHAIN            ; MANUAL      ; Untyped                                                                                           ;
; CARRY_CHAIN_LENGTH     ; 48          ; CARRY_CHAIN_LENGTH                                                                                ;
; DEVICE_FAMILY          ; Cyclone V   ; Untyped                                                                                           ;
; USE_WYS                ; OFF         ; Untyped                                                                                           ;
; STYLE                  ; FAST        ; Untyped                                                                                           ;
; CBXI_PARAMETER         ; add_sub_a9e ; Untyped                                                                                           ;
; AUTO_CARRY_CHAINS      ; ON          ; AUTO_CARRY                                                                                        ;
; IGNORE_CARRY_BUFFERS   ; OFF         ; IGNORE_CARRY                                                                                      ;
; AUTO_CASCADE_CHAINS    ; ON          ; AUTO_CASCADE                                                                                      ;
; IGNORE_CASCADE_BUFFERS ; OFF         ; IGNORE_CASCADE                                                                                    ;
+------------------------+-------------+---------------------------------------------------------------------------------------------------+
Note: In order to hide this table in the UI and the text report file, please set the "Show Parameter Settings in Synthesis Report" option in "Analysis and Synthesis Settings -> More Settings" to "Off".


+------------------------------------------------------------------------------------------------------------------------------------------+
; Parameter Settings for User Entity Instance: fpmult:inst|fpmult_altfp_mult_fkn:fpmult_altfp_mult_fkn_component|lpm_add_sub:exp_adj_adder ;
+------------------------+-------------+---------------------------------------------------------------------------------------------------+
; Parameter Name         ; Value       ; Type                                                                                              ;
+------------------------+-------------+---------------------------------------------------------------------------------------------------+
; LPM_WIDTH              ; 10          ; Signed Integer                                                                                    ;
; LPM_REPRESENTATION     ; SIGNED      ; Untyped                                                                                           ;
; LPM_DIRECTION          ; DEFAULT     ; Untyped                                                                                           ;
; ONE_INPUT_IS_CONSTANT  ; NO          ; Untyped                                                                                           ;
; LPM_PIPELINE           ; 0           ; Untyped                                                                                           ;
; MAXIMIZE_SPEED         ; 5           ; Untyped                                                                                           ;
; REGISTERED_AT_END      ; 0           ; Untyped                                                                                           ;
; OPTIMIZE_FOR_SPEED     ; 5           ; Untyped                                                                                           ;
; USE_CS_BUFFERS         ; 1           ; Untyped                                                                                           ;
; CARRY_CHAIN            ; MANUAL      ; Untyped                                                                                           ;
; CARRY_CHAIN_LENGTH     ; 48          ; CARRY_CHAIN_LENGTH                                                                                ;
; DEVICE_FAMILY          ; Cyclone V   ; Untyped                                                                                           ;
; USE_WYS                ; OFF         ; Untyped                                                                                           ;
; STYLE                  ; FAST        ; Untyped                                                                                           ;
; CBXI_PARAMETER         ; add_sub_kka ; Untyped                                                                                           ;
; AUTO_CARRY_CHAINS      ; ON          ; AUTO_CARRY                                                                                        ;
; IGNORE_CARRY_BUFFERS   ; OFF         ; IGNORE_CARRY                                                                                      ;
; AUTO_CASCADE_CHAINS    ; ON          ; AUTO_CASCADE                                                                                      ;
; IGNORE_CASCADE_BUFFERS ; OFF         ; IGNORE_CASCADE                                                                                    ;
+------------------------+-------------+---------------------------------------------------------------------------------------------------+
Note: In order to hide this table in the UI and the text report file, please set the "Show Parameter Settings in Synthesis Report" option in "Analysis and Synthesis Settings -> More Settings" to "Off".


+-------------------------------------------------------------------------------------------------------------------------------------------+
; Parameter Settings for User Entity Instance: fpmult:inst|fpmult_altfp_mult_fkn:fpmult_altfp_mult_fkn_component|lpm_add_sub:exp_bias_subtr ;
+------------------------+-------------+----------------------------------------------------------------------------------------------------+
; Parameter Name         ; Value       ; Type                                                                                               ;
+------------------------+-------------+----------------------------------------------------------------------------------------------------+
; LPM_WIDTH              ; 10          ; Signed Integer                                                                                     ;
; LPM_REPRESENTATION     ; UNSIGNED    ; Untyped                                                                                            ;
; LPM_DIRECTION          ; SUB         ; Untyped                                                                                            ;
; ONE_INPUT_IS_CONSTANT  ; NO          ; Untyped                                                                                            ;
; LPM_PIPELINE           ; 0           ; Signed Integer                                                                                     ;
; MAXIMIZE_SPEED         ; 5           ; Untyped                                                                                            ;
; REGISTERED_AT_END      ; 0           ; Untyped                                                                                            ;
; OPTIMIZE_FOR_SPEED     ; 5           ; Untyped                                                                                            ;
; USE_CS_BUFFERS         ; 1           ; Untyped                                                                                            ;
; CARRY_CHAIN            ; MANUAL      ; Untyped                                                                                            ;
; CARRY_CHAIN_LENGTH     ; 48          ; CARRY_CHAIN_LENGTH                                                                                 ;
; DEVICE_FAMILY          ; Cyclone V   ; Untyped                                                                                            ;
; USE_WYS                ; OFF         ; Untyped                                                                                            ;
; STYLE                  ; FAST        ; Untyped                                                                                            ;
; CBXI_PARAMETER         ; add_sub_idg ; Untyped                                                                                            ;
; AUTO_CARRY_CHAINS      ; ON          ; AUTO_CARRY                                                                                         ;
; IGNORE_CARRY_BUFFERS   ; OFF         ; IGNORE_CARRY                                                                                       ;
; AUTO_CASCADE_CHAINS    ; ON          ; AUTO_CASCADE                                                                                       ;
; IGNORE_CASCADE_BUFFERS ; OFF         ; IGNORE_CASCADE                                                                                     ;
+------------------------+-------------+----------------------------------------------------------------------------------------------------+
Note: In order to hide this table in the UI and the text report file, please set the "Show Parameter Settings in Synthesis Report" option in "Analysis and Synthesis Settings -> More Settings" to "Off".


+--------------------------------------------------------------------------------------------------------------------------------------------+
; Parameter Settings for User Entity Instance: fpmult:inst|fpmult_altfp_mult_fkn:fpmult_altfp_mult_fkn_component|lpm_add_sub:man_round_adder ;
+------------------------+-------------+-----------------------------------------------------------------------------------------------------+
; Parameter Name         ; Value       ; Type                                                                                                ;
+------------------------+-------------+-----------------------------------------------------------------------------------------------------+
; LPM_WIDTH              ; 25          ; Signed Integer                                                                                      ;
; LPM_REPRESENTATION     ; SIGNED      ; Untyped                                                                                             ;
; LPM_DIRECTION          ; DEFAULT     ; Untyped                                                                                             ;
; ONE_INPUT_IS_CONSTANT  ; NO          ; Untyped                                                                                             ;
; LPM_PIPELINE           ; 0           ; Signed Integer                                                                                      ;
; MAXIMIZE_SPEED         ; 5           ; Untyped                                                                                             ;
; REGISTERED_AT_END      ; 0           ; Untyped                                                                                             ;
; OPTIMIZE_FOR_SPEED     ; 5           ; Untyped                                                                                             ;
; USE_CS_BUFFERS         ; 1           ; Untyped                                                                                             ;
; CARRY_CHAIN            ; MANUAL      ; Untyped                                                                                             ;
; CARRY_CHAIN_LENGTH     ; 48          ; CARRY_CHAIN_LENGTH                                                                                  ;
; DEVICE_FAMILY          ; Cyclone V   ; Untyped                                                                                             ;
; USE_WYS                ; OFF         ; Untyped                                                                                             ;
; STYLE                  ; FAST        ; Untyped                                                                                             ;
; CBXI_PARAMETER         ; add_sub_bmb ; Untyped                                                                                             ;
; AUTO_CARRY_CHAINS      ; ON          ; AUTO_CARRY                                                                                          ;
; IGNORE_CARRY_BUFFERS   ; OFF         ; IGNORE_CARRY                                                                                        ;
; AUTO_CASCADE_CHAINS    ; ON          ; AUTO_CASCADE                                                                                        ;
; IGNORE_CASCADE_BUFFERS ; OFF         ; IGNORE_CASCADE                                                                                      ;
+------------------------+-------------+-----------------------------------------------------------------------------------------------------+
Note: In order to hide this table in the UI and the text report file, please set the "Show Parameter Settings in Synthesis Report" option in "Analysis and Synthesis Settings -> More Settings" to "Off".


+-------------------------------------------------------------------------------------------------------------------------------------------+
; Parameter Settings for User Entity Instance: fpmult:inst|fpmult_altfp_mult_fkn:fpmult_altfp_mult_fkn_component|lpm_mult:man_product2_mult ;
+------------------------------------------------+-----------+------------------------------------------------------------------------------+
; Parameter Name                                 ; Value     ; Type                                                                         ;
+------------------------------------------------+-----------+------------------------------------------------------------------------------+
; AUTO_CARRY_CHAINS                              ; ON        ; AUTO_CARRY                                                                   ;
; IGNORE_CARRY_BUFFERS                           ; OFF       ; IGNORE_CARRY                                                                 ;
; AUTO_CASCADE_CHAINS                            ; ON        ; AUTO_CASCADE                                                                 ;
; IGNORE_CASCADE_BUFFERS                         ; OFF       ; IGNORE_CASCADE                                                               ;
; LPM_WIDTHA                                     ; 24        ; Signed Integer                                                               ;
; LPM_WIDTHB                                     ; 24        ; Signed Integer                                                               ;
; LPM_WIDTHP                                     ; 48        ; Signed Integer                                                               ;
; LPM_WIDTHR                                     ; 0         ; Untyped                                                                      ;
; LPM_WIDTHS                                     ; 1         ; Signed Integer                                                               ;
; LPM_REPRESENTATION                             ; UNSIGNED  ; Untyped                                                                      ;
; LPM_PIPELINE                                   ; 2         ; Signed Integer                                                               ;
; LATENCY                                        ; 0         ; Untyped                                                                      ;
; INPUT_A_IS_CONSTANT                            ; NO        ; Untyped                                                                      ;
; INPUT_B_IS_CONSTANT                            ; NO        ; Untyped                                                                      ;
; USE_EAB                                        ; OFF       ; Untyped                                                                      ;
; MAXIMIZE_SPEED                                 ; 5         ; Untyped                                                                      ;
; DEVICE_FAMILY                                  ; Cyclone V ; Untyped                                                                      ;
; CARRY_CHAIN                                    ; MANUAL    ; Untyped                                                                      ;
; APEX20K_TECHNOLOGY_MAPPER                      ; LUT       ; TECH_MAPPER_APEX20K                                                          ;
; DEDICATED_MULTIPLIER_CIRCUITRY                 ; YES       ; Untyped                                                                      ;
; DEDICATED_MULTIPLIER_MIN_INPUT_WIDTH_FOR_AUTO  ; 0         ; Untyped                                                                      ;
; DEDICATED_MULTIPLIER_MIN_OUTPUT_WIDTH_FOR_AUTO ; 0         ; Untyped                                                                      ;
; CBXI_PARAMETER                                 ; mult_ncs  ; Untyped                                                                      ;
; INPUT_A_FIXED_VALUE                            ; Bx        ; Untyped                                                                      ;
; INPUT_B_FIXED_VALUE                            ; Bx        ; Untyped                                                                      ;
; USE_AHDL_IMPLEMENTATION                        ; OFF       ; Untyped                                                                      ;
+------------------------------------------------+-----------+------------------------------------------------------------------------------+
Note: In order to hide this table in the UI and the text report file, please set the "Show Parameter Settings in Synthesis Report" option in "Analysis and Synthesis Settings -> More Settings" to "Off".


+--------------------------------------------------------------------------------------------------------------------------------------+
; lpm_mult Parameter Settings by Entity Instance                                                                                       ;
+---------------------------------------+----------------------------------------------------------------------------------------------+
; Name                                  ; Value                                                                                        ;
+---------------------------------------+----------------------------------------------------------------------------------------------+
; Number of entity instances            ; 1                                                                                            ;
; Entity Instance                       ; fpmult:inst|fpmult_altfp_mult_fkn:fpmult_altfp_mult_fkn_component|lpm_mult:man_product2_mult ;
;     -- LPM_WIDTHA                     ; 24                                                                                           ;
;     -- LPM_WIDTHB                     ; 24                                                                                           ;
;     -- LPM_WIDTHP                     ; 48                                                                                           ;
;     -- LPM_REPRESENTATION             ; UNSIGNED                                                                                     ;
;     -- INPUT_A_IS_CONSTANT            ; NO                                                                                           ;
;     -- INPUT_B_IS_CONSTANT            ; NO                                                                                           ;
;     -- USE_EAB                        ; OFF                                                                                          ;
;     -- DEDICATED_MULTIPLIER_CIRCUITRY ; YES                                                                                          ;
;     -- INPUT_A_FIXED_VALUE            ; Bx                                                                                           ;
;     -- INPUT_B_FIXED_VALUE            ; Bx                                                                                           ;
+---------------------------------------+----------------------------------------------------------------------------------------------+


+-----------------------------------------------------+
; Post-Synthesis Netlist Statistics for Top Partition ;
+-----------------------+-----------------------------+
; Type                  ; Count                       ;
+-----------------------+-----------------------------+
; arriav_ff             ; 238                         ;
;     SLD               ; 24                          ;
;     plain             ; 214                         ;
; arriav_lcell_comb     ; 155                         ;
;     arith             ; 53                          ;
;         0 data inputs ; 3                           ;
;         1 data inputs ; 38                          ;
;         2 data inputs ; 9                           ;
;         3 data inputs ; 3                           ;
;     normal            ; 102                         ;
;         1 data inputs ; 1                           ;
;         2 data inputs ; 5                           ;
;         3 data inputs ; 33                          ;
;         4 data inputs ; 12                          ;
;         5 data inputs ; 15                          ;
;         6 data inputs ; 36                          ;
; arriav_mac            ; 1                           ;
; boundary_port         ; 97                          ;
;                       ;                             ;
; Max LUT depth         ; 4.30                        ;
; Average LUT depth     ; 1.63                        ;
+-----------------------+-----------------------------+


+-------------------------------+
; Elapsed Time Per Partition    ;
+----------------+--------------+
; Partition Name ; Elapsed Time ;
+----------------+--------------+
; Top            ; 00:00:00     ;
+----------------+--------------+


+-------------------------------+
; Analysis & Synthesis Messages ;
+-------------------------------+
Info: *******************************************************************
Info: Running Quartus Prime Analysis & Synthesis
    Info: Version 18.1.0 Build 625 09/12/2018 SJ Standard Edition
    Info: Processing started: Wed Mar 04 13:16:18 2020
Info: Command: quartus_map --read_settings_files=on --write_settings_files=off fp32Bit_mult -c fp32Bit_mult
Warning (18236): Number of processors has not been specified which may cause overloading on shared machines.  Set the global assignment NUM_PARALLEL_PROCESSORS in your QSF to an appropriate value for best performance.
Info (20030): Parallel compilation is enabled and will use 4 of the 4 processors detected
Info (12021): Found 2 design units, including 2 entities, in source file fpmult.v
    Info (12023): Found entity 1: fpmult_altfp_mult_fkn File: H:/DSD_Material/ip/fp_mult/fpmult.v Line: 46
    Info (12023): Found entity 2: fpmult File: H:/DSD_Material/ip/fp_mult/fpmult.v Line: 510
Info (12021): Found 1 design units, including 1 entities, in source file fp32bit_mult.bdf
    Info (12023): Found entity 1: fp32Bit_mult
Info (12127): Elaborating entity "fp32Bit_mult" for the top level hierarchy
Info (12128): Elaborating entity "fpmult" for hierarchy "fpmult:inst"
Info (12128): Elaborating entity "fpmult_altfp_mult_fkn" for hierarchy "fpmult:inst|fpmult_altfp_mult_fkn:fpmult_altfp_mult_fkn_component" File: H:/DSD_Material/ip/fp_mult/fpmult.v Line: 528
Info (12128): Elaborating entity "lpm_add_sub" for hierarchy "fpmult:inst|fpmult_altfp_mult_fkn:fpmult_altfp_mult_fkn_component|lpm_add_sub:exp_add_adder" File: H:/DSD_Material/ip/fp_mult/fpmult.v Line: 375
Info (12130): Elaborated megafunction instantiation "fpmult:inst|fpmult_altfp_mult_fkn:fpmult_altfp_mult_fkn_component|lpm_add_sub:exp_add_adder" File: H:/DSD_Material/ip/fp_mult/fpmult.v Line: 375
Info (12133): Instantiated megafunction "fpmult:inst|fpmult_altfp_mult_fkn:fpmult_altfp_mult_fkn_component|lpm_add_sub:exp_add_adder" with the following parameter: File: H:/DSD_Material/ip/fp_mult/fpmult.v Line: 375
    Info (12134): Parameter "lpm_pipeline" = "1"
    Info (12134): Parameter "lpm_width" = "9"
    Info (12134): Parameter "lpm_type" = "lpm_add_sub"
Info (12021): Found 1 design units, including 1 entities, in source file db/add_sub_a9e.tdf
    Info (12023): Found entity 1: add_sub_a9e File: H:/DSD_Material/ip/fp_mult/db/add_sub_a9e.tdf Line: 22
Info (12128): Elaborating entity "add_sub_a9e" for hierarchy "fpmult:inst|fpmult_altfp_mult_fkn:fpmult_altfp_mult_fkn_component|lpm_add_sub:exp_add_adder|add_sub_a9e:auto_generated" File: c:/intelfpga/18.1/quartus/libraries/megafunctions/lpm_add_sub.tdf Line: 118
Info (12128): Elaborating entity "lpm_add_sub" for hierarchy "fpmult:inst|fpmult_altfp_mult_fkn:fpmult_altfp_mult_fkn_component|lpm_add_sub:exp_adj_adder" File: H:/DSD_Material/ip/fp_mult/fpmult.v Line: 399
Info (12130): Elaborated megafunction instantiation "fpmult:inst|fpmult_altfp_mult_fkn:fpmult_altfp_mult_fkn_component|lpm_add_sub:exp_adj_adder" File: H:/DSD_Material/ip/fp_mult/fpmult.v Line: 399
Info (12133): Instantiated megafunction "fpmult:inst|fpmult_altfp_mult_fkn:fpmult_altfp_mult_fkn_component|lpm_add_sub:exp_adj_adder" with the following parameter: File: H:/DSD_Material/ip/fp_mult/fpmult.v Line: 399
    Info (12134): Parameter "lpm_width" = "10"
    Info (12134): Parameter "lpm_type" = "lpm_add_sub"
Info (12021): Found 1 design units, including 1 entities, in source file db/add_sub_kka.tdf
    Info (12023): Found entity 1: add_sub_kka File: H:/DSD_Material/ip/fp_mult/db/add_sub_kka.tdf Line: 22
Info (12128): Elaborating entity "add_sub_kka" for hierarchy "fpmult:inst|fpmult_altfp_mult_fkn:fpmult_altfp_mult_fkn_component|lpm_add_sub:exp_adj_adder|add_sub_kka:auto_generated" File: c:/intelfpga/18.1/quartus/libraries/megafunctions/lpm_add_sub.tdf Line: 118
Info (12128): Elaborating entity "lpm_add_sub" for hierarchy "fpmult:inst|fpmult_altfp_mult_fkn:fpmult_altfp_mult_fkn_component|lpm_add_sub:exp_bias_subtr" File: H:/DSD_Material/ip/fp_mult/fpmult.v Line: 422
Info (12130): Elaborated megafunction instantiation "fpmult:inst|fpmult_altfp_mult_fkn:fpmult_altfp_mult_fkn_component|lpm_add_sub:exp_bias_subtr" File: H:/DSD_Material/ip/fp_mult/fpmult.v Line: 422
Info (12133): Instantiated megafunction "fpmult:inst|fpmult_altfp_mult_fkn:fpmult_altfp_mult_fkn_component|lpm_add_sub:exp_bias_subtr" with the following parameter: File: H:/DSD_Material/ip/fp_mult/fpmult.v Line: 422
    Info (12134): Parameter "lpm_direction" = "SUB"
    Info (12134): Parameter "lpm_pipeline" = "0"
    Info (12134): Parameter "lpm_representation" = "UNSIGNED"
    Info (12134): Parameter "lpm_width" = "10"
    Info (12134): Parameter "lpm_type" = "lpm_add_sub"
Info (12021): Found 1 design units, including 1 entities, in source file db/add_sub_idg.tdf
    Info (12023): Found entity 1: add_sub_idg File: H:/DSD_Material/ip/fp_mult/db/add_sub_idg.tdf Line: 22
Info (12128): Elaborating entity "add_sub_idg" for hierarchy "fpmult:inst|fpmult_altfp_mult_fkn:fpmult_altfp_mult_fkn_component|lpm_add_sub:exp_bias_subtr|add_sub_idg:auto_generated" File: c:/intelfpga/18.1/quartus/libraries/megafunctions/lpm_add_sub.tdf Line: 118
Info (12128): Elaborating entity "lpm_add_sub" for hierarchy "fpmult:inst|fpmult_altfp_mult_fkn:fpmult_altfp_mult_fkn_component|lpm_add_sub:man_round_adder" File: H:/DSD_Material/ip/fp_mult/fpmult.v Line: 448
Info (12130): Elaborated megafunction instantiation "fpmult:inst|fpmult_altfp_mult_fkn:fpmult_altfp_mult_fkn_component|lpm_add_sub:man_round_adder" File: H:/DSD_Material/ip/fp_mult/fpmult.v Line: 448
Info (12133): Instantiated megafunction "fpmult:inst|fpmult_altfp_mult_fkn:fpmult_altfp_mult_fkn_component|lpm_add_sub:man_round_adder" with the following parameter: File: H:/DSD_Material/ip/fp_mult/fpmult.v Line: 448
    Info (12134): Parameter "lpm_pipeline" = "0"
    Info (12134): Parameter "lpm_width" = "25"
    Info (12134): Parameter "lpm_type" = "lpm_add_sub"
Info (12021): Found 1 design units, including 1 entities, in source file db/add_sub_bmb.tdf
    Info (12023): Found entity 1: add_sub_bmb File: H:/DSD_Material/ip/fp_mult/db/add_sub_bmb.tdf Line: 22
Info (12128): Elaborating entity "add_sub_bmb" for hierarchy "fpmult:inst|fpmult_altfp_mult_fkn:fpmult_altfp_mult_fkn_component|lpm_add_sub:man_round_adder|add_sub_bmb:auto_generated" File: c:/intelfpga/18.1/quartus/libraries/megafunctions/lpm_add_sub.tdf Line: 118
Info (12128): Elaborating entity "lpm_mult" for hierarchy "fpmult:inst|fpmult_altfp_mult_fkn:fpmult_altfp_mult_fkn_component|lpm_mult:man_product2_mult" File: H:/DSD_Material/ip/fp_mult/fpmult.v Line: 470
Info (12130): Elaborated megafunction instantiation "fpmult:inst|fpmult_altfp_mult_fkn:fpmult_altfp_mult_fkn_component|lpm_mult:man_product2_mult" File: H:/DSD_Material/ip/fp_mult/fpmult.v Line: 470
Info (12133): Instantiated megafunction "fpmult:inst|fpmult_altfp_mult_fkn:fpmult_altfp_mult_fkn_component|lpm_mult:man_product2_mult" with the following parameter: File: H:/DSD_Material/ip/fp_mult/fpmult.v Line: 470
    Info (12134): Parameter "lpm_pipeline" = "2"
    Info (12134): Parameter "lpm_representation" = "UNSIGNED"
    Info (12134): Parameter "lpm_widtha" = "24"
    Info (12134): Parameter "lpm_widthb" = "24"
    Info (12134): Parameter "lpm_widthp" = "48"
    Info (12134): Parameter "lpm_widths" = "1"
    Info (12134): Parameter "lpm_type" = "lpm_mult"
    Info (12134): Parameter "lpm_hint" = "DEDICATED_MULTIPLIER_CIRCUITRY=YES"
Info (12021): Found 1 design units, including 1 entities, in source file db/mult_ncs.v
    Info (12023): Found entity 1: mult_ncs File: H:/DSD_Material/ip/fp_mult/db/mult_ncs.v Line: 28
Info (12128): Elaborating entity "mult_ncs" for hierarchy "fpmult:inst|fpmult_altfp_mult_fkn:fpmult_altfp_mult_fkn_component|lpm_mult:man_product2_mult|mult_ncs:auto_generated" File: c:/intelfpga/18.1/quartus/libraries/megafunctions/lpm_mult.tdf Line: 376
Info (286030): Timing-Driven Synthesis is running
Info (16010): Generating hard_block partition "hard_block:auto_generated_inst"
    Info (16011): Adding 0 node(s), including 0 DDIO, 0 PLL, 0 transceiver and 0 LCELL
Info (21057): Implemented 402 device resources after synthesis - the final resource count might be different
    Info (21058): Implemented 65 input pins
    Info (21059): Implemented 32 output pins
    Info (21061): Implemented 304 logic cells
    Info (21062): Implemented 1 DSP elements
Info: Quartus Prime Analysis & Synthesis was successful. 0 errors, 1 warning
    Info: Peak virtual memory: 4876 megabytes
    Info: Processing ended: Wed Mar 04 13:16:35 2020
    Info: Elapsed time: 00:00:17
    Info: Total CPU time (on all processors): 00:00:27


